Handling lib "rpc-loopback"...
Handling lib "rpc-mqtt"...
Handling lib "ca-bundle"...
Handling lib "i2c"...
Handling lib "http-server"...
Handling lib "rpc-uart"...
Handling lib "ota-http-client"...
Handling lib "ota-http-server"...
Handling lib "mqtt"...
Handling lib "wifi"...
Handling lib "dash"...
Handling lib "rpc-service-wifi"...
Handling lib "mjs"...
Handling lib "rpc-service-ota"...
Handling lib "rpc-service-fs"...
Handling lib "dht"...
The --lib flag was not given for it, checking repository
The --lib flag was not given for it, checking repository
The --lib flag was not given for it, checking repository
The --lib flag was not given for it, checking repository
Handling lib "rpc-service-gpio"...
Handling lib "arduino-LiquidCrystal_I2C"...
The --lib flag was not given for it, checking repository
The --lib flag was not given for it, checking repository
Handling lib "rpc-service-config"...
Handling lib "rpc-service-i2c"...
The --lib flag was not given for it, checking repository
The --lib flag was not given for it, checking repository
The --lib flag was not given for it, checking repository
The --lib flag was not given for it, checking repository
The --lib flag was not given for it, checking repository
The --lib flag was not given for it, checking repository
The --lib flag was not given for it, checking repository
The --lib flag was not given for it, checking repository
The --lib flag was not given for it, checking repository
The --lib flag was not given for it, checking repository
The --lib flag was not given for it, checking repository
The --lib flag was not given for it, checking repository
The --lib flag was not given for it, checking repository
The --lib flag was not given for it, checking repository
Prebuilt binary for "rpc-service-i2c" already exists
Prepared local dir: "/fwbuild-volumes/1.22/apps/Garage/esp8266/build_contexts/build_ctx_720103732/libs/rpc-service-i2c"
Lib "i2c" is already handled, skipping
Handling lib "rpc-common"...
The --lib flag was not given for it, checking repository
Prebuilt binary for "rpc-uart" already exists
Prepared local dir: "/fwbuild-volumes/1.22/apps/Garage/esp8266/build_contexts/build_ctx_720103732/libs/rpc-uart"
Lib "rpc-common" is already handled, skipping
Prebuilt binary for "ota-http-client" already exists
Prepared local dir: "/fwbuild-volumes/1.22/apps/Garage/esp8266/build_contexts/build_ctx_720103732/libs/ota-http-client"
Prebuilt binary for "rpc-service-fs" already exists
Prepared local dir: "/fwbuild-volumes/1.22/apps/Garage/esp8266/build_contexts/build_ctx_720103732/libs/rpc-service-fs"
Prebuilt binary for "rpc-loopback" already exists
Prepared local dir: "/fwbuild-volumes/1.22/apps/Garage/esp8266/build_contexts/build_ctx_720103732/libs/rpc-loopback"
Lib "rpc-common" is already handled, skipping
Prebuilt binary for "dht" already exists
Prepared local dir: "/fwbuild-volumes/1.22/apps/Garage/esp8266/build_contexts/build_ctx_720103732/libs/dht"
Lib "rpc-common" is already handled, skipping
Prebuilt binary for "rpc-service-gpio" already exists
Prepared local dir: "/fwbuild-volumes/1.22/apps/Garage/esp8266/build_contexts/build_ctx_720103732/libs/rpc-service-gpio"
Prebuilt binary for "rpc-mqtt" already exists
Lib "rpc-common" is already handled, skipping
Prepared local dir: "/fwbuild-volumes/1.22/apps/Garage/esp8266/build_contexts/build_ctx_720103732/libs/rpc-mqtt"
Lib "mqtt" is already handled, skipping
Lib "rpc-common" is already handled, skipping
Prebuilt binary for "mqtt" already exists
Prebuilt binary for "rpc-service-config" already exists
Prepared local dir: "/fwbuild-volumes/1.22/apps/Garage/esp8266/build_contexts/build_ctx_720103732/libs/mqtt"
Prepared local dir: "/fwbuild-volumes/1.22/apps/Garage/esp8266/build_contexts/build_ctx_720103732/libs/rpc-service-config"
Prebuilt binary for "i2c" already exists
Lib "rpc-common" is already handled, skipping
Prepared local dir: "/fwbuild-volumes/1.22/apps/Garage/esp8266/build_contexts/build_ctx_720103732/libs/i2c"
Prebuilt binary for "rpc-service-ota" already exists
Prepared local dir: "/fwbuild-volumes/1.22/apps/Garage/esp8266/build_contexts/build_ctx_720103732/libs/rpc-service-ota"
Lib "ota-http-client" is already handled, skipping
Lib "rpc-common" is already handled, skipping
Prebuilt binary for "ota-http-server" already exists
Prebuilt binary for "ca-bundle" already exists
Prepared local dir: "/fwbuild-volumes/1.22/apps/Garage/esp8266/build_contexts/build_ctx_720103732/libs/ca-bundle"
Prebuilt binary for "rpc-service-wifi" already exists
Prepared local dir: "/fwbuild-volumes/1.22/apps/Garage/esp8266/build_contexts/build_ctx_720103732/libs/rpc-service-wifi"
Prepared local dir: "/fwbuild-volumes/1.22/apps/Garage/esp8266/build_contexts/build_ctx_720103732/libs/ota-http-server"
Prebuilt binary for "dash" already exists
Lib "rpc-common" is already handled, skipping
Lib "wifi" is already handled, skipping
Prepared local dir: "/fwbuild-volumes/1.22/apps/Garage/esp8266/build_contexts/build_ctx_720103732/libs/dash"
Lib "http-server" is already handled, skipping
Lib "ota-http-client" is already handled, skipping
Lib "ota-http-client" is already handled, skipping
Lib "rpc-common" is already handled, skipping
WARNING: the lib "arduino-LiquidCrystal_I2C" does not have version 1.22. Resorting to latest, but the build might fail.
It usually happens if you clone the latest version of some example app, and try to build it with the mos tool which is older than the lib (in this case, "arduino-LiquidCrystal_I2C").
Consider using the version 1.22 of the app (git checkout 1.22), or using latest mos tool (mos update latest).
The --lib flag was not given for it, checking repository
Falling back to sources for "mjs" (failed to fetch prebuilt binary: got 404 status code when accessed https://github.com/mongoose-os-libs/mjs/releases/download/1.22/libmjs-esp8266.a)
Prepared local dir: "/fwbuild-volumes/1.22/apps/Garage/esp8266/build_contexts/build_ctx_720103732/libs/mjs"
Falling back to sources for "http-server" (failed to fetch prebuilt binary: got 404 status code when accessed https://github.com/mongoose-os-libs/http-server/releases/download/1.22/libhttp-server-esp8266.a)
Prepared local dir: "/fwbuild-volumes/1.22/apps/Garage/esp8266/build_contexts/build_ctx_720103732/libs/http-server"
Lib "atca" is optional, skipping
Lib "ethernet" is optional, skipping
Lib "wifi" is optional, skipping
Falling back to sources for "wifi" (failed to fetch prebuilt binary: got 404 status code when accessed https://github.com/mongoose-os-libs/wifi/releases/download/1.22/libwifi-esp8266.a)
Prepared local dir: "/fwbuild-volumes/1.22/apps/Garage/esp8266/build_contexts/build_ctx_720103732/libs/wifi"
Falling back to sources for "rpc-common" (failed to fetch prebuilt binary: got 404 status code when accessed https://github.com/mongoose-os-libs/rpc-common/releases/download/1.22/librpc-common-esp8266.a)
Prepared local dir: "/fwbuild-volumes/1.22/apps/Garage/esp8266/build_contexts/build_ctx_720103732/libs/rpc-common"
Lib "http-server" is optional, skipping
Falling back to sources for "arduino-LiquidCrystal_I2C" (failed to fetch prebuilt binary: got 404 status code when accessed https://github.com/Dionid/arduino-LiquidCrystal_I2C/releases/download/1.22/libarduino-LiquidCrystal_I2C-esp8266.a)
Prepared local dir: "/fwbuild-volumes/1.22/apps/Garage/esp8266/build_contexts/build_ctx_720103732/libs/arduino-LiquidCrystal_I2C"
Handling lib "arduino-wire"...
Handling lib "arduino-compat"...
The --lib flag was not given for it, checking repository
The --lib flag was not given for it, checking repository
Prebuilt binary for "arduino-wire" already exists
Prebuilt binary for "arduino-compat" already exists
Prepared local dir: "/fwbuild-volumes/1.22/apps/Garage/esp8266/build_contexts/build_ctx_720103732/libs/arduino-compat"
Prepared local dir: "/fwbuild-volumes/1.22/apps/Garage/esp8266/build_contexts/build_ctx_720103732/libs/arduino-wire"
Lib "i2c" is already handled, skipping
Lib "arduino-compat" is already handled, skipping
The flag --module is not given for the module "mjs", going to use the repository
The flag --repo is not given, going to use mongoose-os repository
Sources: [/fwbuild-volumes/1.22/apps/Garage/esp8266/build_contexts/build_ctx_720103732/src/main.c /fwbuild-volumes/1.22/apps/Garage/esp8266/build_contexts/build_ctx_720103732/build/gen/deps_init.c /fwbuild-volumes/1.22/apps/Garage/esp8266/build_contexts/build_ctx_720103732/libs/arduino-compat/src/Print.cpp /fwbuild-volumes/1.22/apps/Garage/esp8266/build_contexts/build_ctx_720103732/libs/arduino-compat/src/WString.cpp /fwbuild-volumes/1.22/apps/Garage/esp8266/build_contexts/build_ctx_720103732/libs/arduino-compat/src/mgos_arduino.cpp /fwbuild-volumes/1.22/apps/Garage/esp8266/build_contexts/build_ctx_720103732/libs/i2c/src/mgos_i2c.c /fwbuild-volumes/1.22/apps/Garage/esp8266/build_contexts/build_ctx_720103732/libs/i2c/src/common_gpio/mgos_i2c_gpio.c /fwbuild-volumes/1.22/apps/Garage/esp8266/build_contexts/build_ctx_720103732/libs/arduino-wire/src/mgos_arduino_wire_c.c /fwbuild-volumes/1.22/apps/Garage/esp8266/build_contexts/build_ctx_720103732/libs/arduino-wire/src/mgos_arduino_wire.cpp /fwbuild-volumes/1.22/apps/Garage/esp8266/build_contexts/build_ctx_720103732/libs/arduino-LiquidCrystal_I2C/src/mgos_arduino_liquidcrystal_i2c_c.c /fwbuild-volumes/1.22/apps/Garage/esp8266/build_contexts/build_ctx_720103732/libs/arduino-LiquidCrystal_I2C/src/LiquidCrystal_I2C.cpp /fwbuild-volumes/1.22/apps/Garage/esp8266/build_contexts/build_ctx_720103732/libs/arduino-LiquidCrystal_I2C/src/mgos_arduino_liquidcrystal_i2c.cpp /fwbuild-volumes/1.22/apps/Garage/esp8266/build_contexts/build_ctx_720103732/libs/ca-bundle/src/mgos_ca_bundle.c /fwbuild-volumes/1.22/apps/Garage/esp8266/build_contexts/build_ctx_720103732/libs/wifi/src/mgos_wifi.c /fwbuild-volumes/1.22/apps/Garage/esp8266/build_contexts/build_ctx_720103732/libs/wifi/src/mjs_wifi.c /fwbuild-volumes/1.22/apps/Garage/esp8266/build_contexts/build_ctx_720103732/libs/wifi/esp8266/src/esp_wifi.c /fwbuild-volumes/1.22/apps/Garage/esp8266/build_contexts/build_ctx_720103732/libs/http-server/src/mgos_http_server.c /fwbuild-volumes/1.22/apps/Garage/esp8266/build_contexts/build_ctx_720103732/libs/rpc-common/src/mg_rpc/mg_rpc.c /fwbuild-volumes/1.22/apps/Garage/esp8266/build_contexts/build_ctx_720103732/libs/rpc-common/src/mg_rpc/mg_rpc_channel.c /fwbuild-volumes/1.22/apps/Garage/esp8266/build_contexts/build_ctx_720103732/libs/rpc-common/src/mg_rpc/mg_rpc_channel_http.c /fwbuild-volumes/1.22/apps/Garage/esp8266/build_contexts/build_ctx_720103732/libs/rpc-common/src/mg_rpc/mg_rpc_channel_ws.c /fwbuild-volumes/1.22/apps/Garage/esp8266/build_contexts/build_ctx_720103732/libs/rpc-common/src/mgos_rpc.c /fwbuild-volumes/1.22/apps/Garage/esp8266/build_contexts/build_ctx_720103732/libs/dash/src/mgos_dash.c /fwbuild-volumes/1.22/apps/Garage/esp8266/build_contexts/build_ctx_720103732/libs/dht/src/mgos_dht.c /fwbuild-volumes/1.22/apps/Garage/esp8266/build_contexts/build_ctx_720103732/libs/mjs/src/mos_mjs.c /fwbuild-volumes/1.22/apps/Garage/esp8266/build_contexts/build_ctx_720103732/modules/mjs-1.22/mjs.c /fwbuild-volumes/1.22/apps/Garage/esp8266/build_contexts/build_ctx_720103732/libs/mjs/esp8266/src/esp8266_mjs.c /fwbuild-volumes/1.22/apps/Garage/esp8266/build_contexts/build_ctx_720103732/libs/mqtt/src/mgos_mqtt.c /fwbuild-volumes/1.22/apps/Garage/esp8266/build_contexts/build_ctx_720103732/libs/rpc-loopback/src/mg_rpc_channel_loopback.c /fwbuild-volumes/1.22/apps/Garage/esp8266/build_contexts/build_ctx_720103732/libs/rpc-mqtt/src/mgos_rpc_channel_mqtt.c /fwbuild-volumes/1.22/apps/Garage/esp8266/build_contexts/build_ctx_720103732/libs/rpc-service-config/src/mgos_service_config.c /fwbuild-volumes/1.22/apps/Garage/esp8266/build_contexts/build_ctx_720103732/libs/rpc-service-fs/src/mgos_service_filesystem.c /fwbuild-volumes/1.22/apps/Garage/esp8266/build_contexts/build_ctx_720103732/libs/rpc-service-gpio/src/mgos_gpio_service.c /fwbuild-volumes/1.22/apps/Garage/esp8266/build_contexts/build_ctx_720103732/libs/rpc-service-i2c/src/mgos_i2c_service.c /fwbuild-volumes/1.22/apps/Garage/esp8266/build_contexts/build_ctx_720103732/libs/rpc-service-wifi/src/mgos_rpc_service_wifi.c /fwbuild-volumes/1.22/apps/Garage/esp8266/build_contexts/build_ctx_720103732/libs/rpc-uart/src/mgos_rpc_channel_uart.c]
Include dirs: [/fwbuild-volumes/1.22/apps/Garage/esp8266/build_contexts/build_ctx_720103732/libs/arduino-compat/include /fwbuild-volumes/1.22/apps/Garage/esp8266/build_contexts/build_ctx_720103732/libs/i2c/include /fwbuild-volumes/1.22/apps/Garage/esp8266/build_contexts/build_ctx_720103732/libs/arduino-wire/include /fwbuild-volumes/1.22/apps/Garage/esp8266/build_contexts/build_ctx_720103732/libs/arduino-LiquidCrystal_I2C/include /fwbuild-volumes/1.22/apps/Garage/esp8266/build_contexts/build_ctx_720103732/libs/ota-http-client/include /fwbuild-volumes/1.22/apps/Garage/esp8266/build_contexts/build_ctx_720103732/libs/wifi/include /fwbuild-volumes/1.22/apps/Garage/esp8266/build_contexts/build_ctx_720103732/libs/http-server/include /fwbuild-volumes/1.22/apps/Garage/esp8266/build_contexts/build_ctx_720103732/libs/rpc-common/include/mg_rpc /fwbuild-volumes/1.22/apps/Garage/esp8266/build_contexts/build_ctx_720103732/libs/rpc-common/include /fwbuild-volumes/1.22/apps/Garage/esp8266/build_contexts/build_ctx_720103732/libs/dash/include /fwbuild-volumes/1.22/apps/Garage/esp8266/build_contexts/build_ctx_720103732/libs/dht/include /fwbuild-volumes/1.22/apps/Garage/esp8266/build_contexts/build_ctx_720103732/libs/mjs/include /fwbuild-volumes/1.22/apps/Garage/esp8266/build_contexts/build_ctx_720103732/libs/mqtt/include /fwbuild-volumes/1.22/apps/Garage/esp8266/build_contexts/build_ctx_720103732/libs/ota-http-server/include /fwbuild-volumes/1.22/apps/Garage/esp8266/build_contexts/build_ctx_720103732/libs/rpc-loopback/include /fwbuild-volumes/1.22/apps/Garage/esp8266/build_contexts/build_ctx_720103732/libs/rpc-mqtt/include /fwbuild-volumes/1.22/apps/Garage/esp8266/build_contexts/build_ctx_720103732/libs/rpc-service-config/include /fwbuild-volumes/1.22/apps/Garage/esp8266/build_contexts/build_ctx_720103732/libs/rpc-service-fs/include /fwbuild-volumes/1.22/apps/Garage/esp8266/build_contexts/build_ctx_720103732/libs/rpc-service-gpio/include /fwbuild-volumes/1.22/apps/Garage/esp8266/build_contexts/build_ctx_720103732/libs/rpc-service-i2c/include /fwbuild-volumes/1.22/apps/Garage/esp8266/build_contexts/build_ctx_720103732/libs/rpc-service-ota/include /fwbuild-volumes/1.22/apps/Garage/esp8266/build_contexts/build_ctx_720103732/libs/rpc-uart/include]
Binary libs: [/fwbuild-volumes/1.22/apps/Garage/esp8266/build_contexts/build_ctx_720103732/libs/ota-http-client/lib/esp8266/libota-http-client.a /fwbuild-volumes/1.22/apps/Garage/esp8266/build_contexts/build_ctx_720103732/libs/ota-http-server/lib/esp8266/libota-http-server.a /fwbuild-volumes/1.22/apps/Garage/esp8266/build_contexts/build_ctx_720103732/libs/rpc-service-ota/lib/esp8266/librpc-service-ota.a]
Building...
mount from "/fwbuild-volumes/1.22/apps/Garage/esp8266/build_contexts/build_ctx_720103732" to "/app"
mount from "/fwbuild-volumes/1.22/apps/Garage/esp8266/build_contexts/build_ctx_720103732/modules/mongoose-os-1.22" to "/mongoose-os"
mount from "/fwbuild-volumes/1.22/apps/Garage/esp8266/build_contexts/build_ctx_720103732/modules/mongoose-os-1.22" to "/fwbuild-volumes/1.22/apps/Garage/esp8266/build_contexts/build_ctx_720103732/modules/mongoose-os-1.22"
mount from "/fwbuild-volumes/1.22/apps/Garage/esp8266/build_contexts/build_ctx_720103732/build" to "/fwbuild-volumes/1.22/apps/Garage/esp8266/build_contexts/build_ctx_720103732/build"
mount from "/fwbuild-volumes/1.22/apps/Garage/esp8266/build_contexts/build_ctx_720103732/src" to "/fwbuild-volumes/1.22/apps/Garage/esp8266/build_contexts/build_ctx_720103732/src"
mount from "/fwbuild-volumes/1.22/apps/Garage/esp8266/build_contexts/build_ctx_720103732/build/gen" to "/fwbuild-volumes/1.22/apps/Garage/esp8266/build_contexts/build_ctx_720103732/build/gen"
mount from "/fwbuild-volumes/1.22/apps/Garage/esp8266/build_contexts/build_ctx_720103732/libs/arduino-compat/src" to "/fwbuild-volumes/1.22/apps/Garage/esp8266/build_contexts/build_ctx_720103732/libs/arduino-compat/src"
mount from "/fwbuild-volumes/1.22/apps/Garage/esp8266/build_contexts/build_ctx_720103732/libs/i2c/src" to "/fwbuild-volumes/1.22/apps/Garage/esp8266/build_contexts/build_ctx_720103732/libs/i2c/src"
mount from "/fwbuild-volumes/1.22/apps/Garage/esp8266/build_contexts/build_ctx_720103732/libs/i2c/src/common_gpio" to "/fwbuild-volumes/1.22/apps/Garage/esp8266/build_contexts/build_ctx_720103732/libs/i2c/src/common_gpio"
mount from "/fwbuild-volumes/1.22/apps/Garage/esp8266/build_contexts/build_ctx_720103732/libs/arduino-wire/src" to "/fwbuild-volumes/1.22/apps/Garage/esp8266/build_contexts/build_ctx_720103732/libs/arduino-wire/src"
mount from "/fwbuild-volumes/1.22/apps/Garage/esp8266/build_contexts/build_ctx_720103732/libs/arduino-LiquidCrystal_I2C/src" to "/fwbuild-volumes/1.22/apps/Garage/esp8266/build_contexts/build_ctx_720103732/libs/arduino-LiquidCrystal_I2C/src"
mount from "/fwbuild-volumes/1.22/apps/Garage/esp8266/build_contexts/build_ctx_720103732/libs/ca-bundle/src" to "/fwbuild-volumes/1.22/apps/Garage/esp8266/build_contexts/build_ctx_720103732/libs/ca-bundle/src"
mount from "/fwbuild-volumes/1.22/apps/Garage/esp8266/build_contexts/build_ctx_720103732/libs/wifi/src" to "/fwbuild-volumes/1.22/apps/Garage/esp8266/build_contexts/build_ctx_720103732/libs/wifi/src"
mount from "/fwbuild-volumes/1.22/apps/Garage/esp8266/build_contexts/build_ctx_720103732/libs/wifi/esp8266/src" to "/fwbuild-volumes/1.22/apps/Garage/esp8266/build_contexts/build_ctx_720103732/libs/wifi/esp8266/src"
mount from "/fwbuild-volumes/1.22/apps/Garage/esp8266/build_contexts/build_ctx_720103732/libs/http-server/src" to "/fwbuild-volumes/1.22/apps/Garage/esp8266/build_contexts/build_ctx_720103732/libs/http-server/src"
mount from "/fwbuild-volumes/1.22/apps/Garage/esp8266/build_contexts/build_ctx_720103732/libs/rpc-common/src/mg_rpc" to "/fwbuild-volumes/1.22/apps/Garage/esp8266/build_contexts/build_ctx_720103732/libs/rpc-common/src/mg_rpc"
mount from "/fwbuild-volumes/1.22/apps/Garage/esp8266/build_contexts/build_ctx_720103732/libs/rpc-common/src" to "/fwbuild-volumes/1.22/apps/Garage/esp8266/build_contexts/build_ctx_720103732/libs/rpc-common/src"
mount from "/fwbuild-volumes/1.22/apps/Garage/esp8266/build_contexts/build_ctx_720103732/libs/dash/src" to "/fwbuild-volumes/1.22/apps/Garage/esp8266/build_contexts/build_ctx_720103732/libs/dash/src"
mount from "/fwbuild-volumes/1.22/apps/Garage/esp8266/build_contexts/build_ctx_720103732/libs/dht/src" to "/fwbuild-volumes/1.22/apps/Garage/esp8266/build_contexts/build_ctx_720103732/libs/dht/src"
mount from "/fwbuild-volumes/1.22/apps/Garage/esp8266/build_contexts/build_ctx_720103732/libs/mjs/src" to "/fwbuild-volumes/1.22/apps/Garage/esp8266/build_contexts/build_ctx_720103732/libs/mjs/src"
mount from "/fwbuild-volumes/1.22/apps/Garage/esp8266/build_contexts/build_ctx_720103732/modules/mjs-1.22" to "/fwbuild-volumes/1.22/apps/Garage/esp8266/build_contexts/build_ctx_720103732/modules/mjs-1.22"
mount from "/fwbuild-volumes/1.22/apps/Garage/esp8266/build_contexts/build_ctx_720103732/libs/mjs/esp8266/src" to "/fwbuild-volumes/1.22/apps/Garage/esp8266/build_contexts/build_ctx_720103732/libs/mjs/esp8266/src"
mount from "/fwbuild-volumes/1.22/apps/Garage/esp8266/build_contexts/build_ctx_720103732/libs/mqtt/src" to "/fwbuild-volumes/1.22/apps/Garage/esp8266/build_contexts/build_ctx_720103732/libs/mqtt/src"
mount from "/fwbuild-volumes/1.22/apps/Garage/esp8266/build_contexts/build_ctx_720103732/libs/rpc-loopback/src" to "/fwbuild-volumes/1.22/apps/Garage/esp8266/build_contexts/build_ctx_720103732/libs/rpc-loopback/src"
mount from "/fwbuild-volumes/1.22/apps/Garage/esp8266/build_contexts/build_ctx_720103732/libs/rpc-mqtt/src" to "/fwbuild-volumes/1.22/apps/Garage/esp8266/build_contexts/build_ctx_720103732/libs/rpc-mqtt/src"
mount from "/fwbuild-volumes/1.22/apps/Garage/esp8266/build_contexts/build_ctx_720103732/libs/rpc-service-config/src" to "/fwbuild-volumes/1.22/apps/Garage/esp8266/build_contexts/build_ctx_720103732/libs/rpc-service-config/src"
mount from "/fwbuild-volumes/1.22/apps/Garage/esp8266/build_contexts/build_ctx_720103732/libs/rpc-service-fs/src" to "/fwbuild-volumes/1.22/apps/Garage/esp8266/build_contexts/build_ctx_720103732/libs/rpc-service-fs/src"
mount from "/fwbuild-volumes/1.22/apps/Garage/esp8266/build_contexts/build_ctx_720103732/libs/rpc-service-gpio/src" to "/fwbuild-volumes/1.22/apps/Garage/esp8266/build_contexts/build_ctx_720103732/libs/rpc-service-gpio/src"
mount from "/fwbuild-volumes/1.22/apps/Garage/esp8266/build_contexts/build_ctx_720103732/libs/rpc-service-i2c/src" to "/fwbuild-volumes/1.22/apps/Garage/esp8266/build_contexts/build_ctx_720103732/libs/rpc-service-i2c/src"
mount from "/fwbuild-volumes/1.22/apps/Garage/esp8266/build_contexts/build_ctx_720103732/libs/rpc-service-wifi/src" to "/fwbuild-volumes/1.22/apps/Garage/esp8266/build_contexts/build_ctx_720103732/libs/rpc-service-wifi/src"
mount from "/fwbuild-volumes/1.22/apps/Garage/esp8266/build_contexts/build_ctx_720103732/libs/rpc-uart/src" to "/fwbuild-volumes/1.22/apps/Garage/esp8266/build_contexts/build_ctx_720103732/libs/rpc-uart/src"
mount from "/fwbuild-volumes/1.22/apps/Garage/esp8266/build_contexts/build_ctx_720103732/libs/arduino-compat/include" to "/fwbuild-volumes/1.22/apps/Garage/esp8266/build_contexts/build_ctx_720103732/libs/arduino-compat/include"
mount from "/fwbuild-volumes/1.22/apps/Garage/esp8266/build_contexts/build_ctx_720103732/libs/i2c/include" to "/fwbuild-volumes/1.22/apps/Garage/esp8266/build_contexts/build_ctx_720103732/libs/i2c/include"
mount from "/fwbuild-volumes/1.22/apps/Garage/esp8266/build_contexts/build_ctx_720103732/libs/arduino-wire/include" to "/fwbuild-volumes/1.22/apps/Garage/esp8266/build_contexts/build_ctx_720103732/libs/arduino-wire/include"
mount from "/fwbuild-volumes/1.22/apps/Garage/esp8266/build_contexts/build_ctx_720103732/libs/arduino-LiquidCrystal_I2C/include" to "/fwbuild-volumes/1.22/apps/Garage/esp8266/build_contexts/build_ctx_720103732/libs/arduino-LiquidCrystal_I2C/include"
mount from "/fwbuild-volumes/1.22/apps/Garage/esp8266/build_contexts/build_ctx_720103732/libs/ota-http-client/include" to "/fwbuild-volumes/1.22/apps/Garage/esp8266/build_contexts/build_ctx_720103732/libs/ota-http-client/include"
mount from "/fwbuild-volumes/1.22/apps/Garage/esp8266/build_contexts/build_ctx_720103732/libs/wifi/include" to "/fwbuild-volumes/1.22/apps/Garage/esp8266/build_contexts/build_ctx_720103732/libs/wifi/include"
mount from "/fwbuild-volumes/1.22/apps/Garage/esp8266/build_contexts/build_ctx_720103732/libs/http-server/include" to "/fwbuild-volumes/1.22/apps/Garage/esp8266/build_contexts/build_ctx_720103732/libs/http-server/include"
mount from "/fwbuild-volumes/1.22/apps/Garage/esp8266/build_contexts/build_ctx_720103732/libs/rpc-common/include/mg_rpc" to "/fwbuild-volumes/1.22/apps/Garage/esp8266/build_contexts/build_ctx_720103732/libs/rpc-common/include/mg_rpc"
mount from "/fwbuild-volumes/1.22/apps/Garage/esp8266/build_contexts/build_ctx_720103732/libs/rpc-common/include" to "/fwbuild-volumes/1.22/apps/Garage/esp8266/build_contexts/build_ctx_720103732/libs/rpc-common/include"
mount from "/fwbuild-volumes/1.22/apps/Garage/esp8266/build_contexts/build_ctx_720103732/libs/dash/include" to "/fwbuild-volumes/1.22/apps/Garage/esp8266/build_contexts/build_ctx_720103732/libs/dash/include"
mount from "/fwbuild-volumes/1.22/apps/Garage/esp8266/build_contexts/build_ctx_720103732/libs/dht/include" to "/fwbuild-volumes/1.22/apps/Garage/esp8266/build_contexts/build_ctx_720103732/libs/dht/include"
mount from "/fwbuild-volumes/1.22/apps/Garage/esp8266/build_contexts/build_ctx_720103732/libs/mjs/include" to "/fwbuild-volumes/1.22/apps/Garage/esp8266/build_contexts/build_ctx_720103732/libs/mjs/include"
mount from "/fwbuild-volumes/1.22/apps/Garage/esp8266/build_contexts/build_ctx_720103732/libs/mqtt/include" to "/fwbuild-volumes/1.22/apps/Garage/esp8266/build_contexts/build_ctx_720103732/libs/mqtt/include"
mount from "/fwbuild-volumes/1.22/apps/Garage/esp8266/build_contexts/build_ctx_720103732/libs/ota-http-server/include" to "/fwbuild-volumes/1.22/apps/Garage/esp8266/build_contexts/build_ctx_720103732/libs/ota-http-server/include"
mount from "/fwbuild-volumes/1.22/apps/Garage/esp8266/build_contexts/build_ctx_720103732/libs/rpc-loopback/include" to "/fwbuild-volumes/1.22/apps/Garage/esp8266/build_contexts/build_ctx_720103732/libs/rpc-loopback/include"
mount from "/fwbuild-volumes/1.22/apps/Garage/esp8266/build_contexts/build_ctx_720103732/libs/rpc-mqtt/include" to "/fwbuild-volumes/1.22/apps/Garage/esp8266/build_contexts/build_ctx_720103732/libs/rpc-mqtt/include"
mount from "/fwbuild-volumes/1.22/apps/Garage/esp8266/build_contexts/build_ctx_720103732/libs/rpc-service-config/include" to "/fwbuild-volumes/1.22/apps/Garage/esp8266/build_contexts/build_ctx_720103732/libs/rpc-service-config/include"
mount from "/fwbuild-volumes/1.22/apps/Garage/esp8266/build_contexts/build_ctx_720103732/libs/rpc-service-fs/include" to "/fwbuild-volumes/1.22/apps/Garage/esp8266/build_contexts/build_ctx_720103732/libs/rpc-service-fs/include"
mount from "/fwbuild-volumes/1.22/apps/Garage/esp8266/build_contexts/build_ctx_720103732/libs/rpc-service-gpio/include" to "/fwbuild-volumes/1.22/apps/Garage/esp8266/build_contexts/build_ctx_720103732/libs/rpc-service-gpio/include"
mount from "/fwbuild-volumes/1.22/apps/Garage/esp8266/build_contexts/build_ctx_720103732/libs/rpc-service-i2c/include" to "/fwbuild-volumes/1.22/apps/Garage/esp8266/build_contexts/build_ctx_720103732/libs/rpc-service-i2c/include"
mount from "/fwbuild-volumes/1.22/apps/Garage/esp8266/build_contexts/build_ctx_720103732/libs/rpc-service-ota/include" to "/fwbuild-volumes/1.22/apps/Garage/esp8266/build_contexts/build_ctx_720103732/libs/rpc-service-ota/include"
mount from "/fwbuild-volumes/1.22/apps/Garage/esp8266/build_contexts/build_ctx_720103732/libs/rpc-uart/include" to "/fwbuild-volumes/1.22/apps/Garage/esp8266/build_contexts/build_ctx_720103732/libs/rpc-uart/include"
mount from "/fwbuild-volumes/1.22/apps/Garage/esp8266/build_contexts/build_ctx_720103732/libs/ca-bundle/fs" to "/fwbuild-volumes/1.22/apps/Garage/esp8266/build_contexts/build_ctx_720103732/libs/ca-bundle/fs"
mount from "/fwbuild-volumes/1.22/apps/Garage/esp8266/build_contexts/build_ctx_720103732/libs/mjs/fs" to "/fwbuild-volumes/1.22/apps/Garage/esp8266/build_contexts/build_ctx_720103732/libs/mjs/fs"
mount from "/fwbuild-volumes/1.22/apps/Garage/esp8266/build_contexts/build_ctx_720103732/modules/mjs-1.22/mjs/lib" to "/fwbuild-volumes/1.22/apps/Garage/esp8266/build_contexts/build_ctx_720103732/modules/mjs-1.22/mjs/lib"
mount from "/fwbuild-volumes/1.22/apps/Garage/esp8266/build_contexts/build_ctx_720103732/libs/i2c/mjs_fs" to "/fwbuild-volumes/1.22/apps/Garage/esp8266/build_contexts/build_ctx_720103732/libs/i2c/mjs_fs"
mount from "/fwbuild-volumes/1.22/apps/Garage/esp8266/build_contexts/build_ctx_720103732/libs/arduino-LiquidCrystal_I2C/mjs_fs" to "/fwbuild-volumes/1.22/apps/Garage/esp8266/build_contexts/build_ctx_720103732/libs/arduino-LiquidCrystal_I2C/mjs_fs"
mount from "/fwbuild-volumes/1.22/apps/Garage/esp8266/build_contexts/build_ctx_720103732/libs/wifi/mjs_fs" to "/fwbuild-volumes/1.22/apps/Garage/esp8266/build_contexts/build_ctx_720103732/libs/wifi/mjs_fs"
mount from "/fwbuild-volumes/1.22/apps/Garage/esp8266/build_contexts/build_ctx_720103732/libs/rpc-common/mjs_fs" to "/fwbuild-volumes/1.22/apps/Garage/esp8266/build_contexts/build_ctx_720103732/libs/rpc-common/mjs_fs"
mount from "/fwbuild-volumes/1.22/apps/Garage/esp8266/build_contexts/build_ctx_720103732/libs/dash/mjs_fs" to "/fwbuild-volumes/1.22/apps/Garage/esp8266/build_contexts/build_ctx_720103732/libs/dash/mjs_fs"
mount from "/fwbuild-volumes/1.22/apps/Garage/esp8266/build_contexts/build_ctx_720103732/libs/dht/mjs_fs" to "/fwbuild-volumes/1.22/apps/Garage/esp8266/build_contexts/build_ctx_720103732/libs/dht/mjs_fs"
mount from "/fwbuild-volumes/1.22/apps/Garage/esp8266/build_contexts/build_ctx_720103732/libs/mqtt/mjs_fs" to "/fwbuild-volumes/1.22/apps/Garage/esp8266/build_contexts/build_ctx_720103732/libs/mqtt/mjs_fs"
mount from "/fwbuild-volumes/1.22/apps/Garage/esp8266/build_contexts/build_ctx_720103732/libs/mjs/esp8266/fs" to "/fwbuild-volumes/1.22/apps/Garage/esp8266/build_contexts/build_ctx_720103732/libs/mjs/esp8266/fs"
mount from "/fwbuild-volumes/1.22/apps/Garage/esp8266/build_contexts/build_ctx_720103732/fs" to "/fwbuild-volumes/1.22/apps/Garage/esp8266/build_contexts/build_ctx_720103732/fs"
mount from "/fwbuild-volumes/1.22/apps/Garage/esp8266/build_contexts/build_ctx_720103732/libs/ota-http-client/lib/esp8266" to "/fwbuild-volumes/1.22/apps/Garage/esp8266/build_contexts/build_ctx_720103732/libs/ota-http-client/lib/esp8266"
mount from "/fwbuild-volumes/1.22/apps/Garage/esp8266/build_contexts/build_ctx_720103732/libs/ota-http-server/lib/esp8266" to "/fwbuild-volumes/1.22/apps/Garage/esp8266/build_contexts/build_ctx_720103732/libs/ota-http-server/lib/esp8266"
mount from "/fwbuild-volumes/1.22/apps/Garage/esp8266/build_contexts/build_ctx_720103732/libs/rpc-service-ota/lib/esp8266" to "/fwbuild-volumes/1.22/apps/Garage/esp8266/build_contexts/build_ctx_720103732/libs/rpc-service-ota/lib/esp8266"
mount from "/fwbuild-volumes/1.22/apps/Garage/esp8266/build_contexts/build_ctx_720103732/build/gen" to "/fwbuild-volumes/1.22/apps/Garage/esp8266/build_contexts/build_ctx_720103732/build/gen"
Docker arguments: run --name mos_build_2017-12-18T16-40-53-00_9050845783735142783 --rm -i -v /fwbuild-volumes/1.22/apps/Garage/esp8266/build_contexts/build_ctx_720103732/libs/ota-http-client/lib/esp8266:/fwbuild-volumes/1.22/apps/Garage/esp8266/build_contexts/build_ctx_720103732/libs/ota-http-client/lib/esp8266 -v /fwbuild-volumes/1.22/apps/Garage/esp8266/build_contexts/build_ctx_720103732:/app -v /fwbuild-volumes/1.22/apps/Garage/esp8266/build_contexts/build_ctx_720103732/libs/dash/include:/fwbuild-volumes/1.22/apps/Garage/esp8266/build_contexts/build_ctx_720103732/libs/dash/include -v /fwbuild-volumes/1.22/apps/Garage/esp8266/build_contexts/build_ctx_720103732/libs/rpc-common/src:/fwbuild-volumes/1.22/apps/Garage/esp8266/build_contexts/build_ctx_720103732/libs/rpc-common/src -v /fwbuild-volumes/1.22/apps/Garage/esp8266/build_contexts/build_ctx_720103732/libs/arduino-wire/src:/fwbuild-volumes/1.22/apps/Garage/esp8266/build_contexts/build_ctx_720103732/libs/arduino-wire/src -v /fwbuild-volumes/1.22/apps/Garage/esp8266/build_contexts/build_ctx_720103732/libs/rpc-common/include/mg_rpc:/fwbuild-volumes/1.22/apps/Garage/esp8266/build_contexts/build_ctx_720103732/libs/rpc-common/include/mg_rpc -v /fwbuild-volumes/1.22/apps/Garage/esp8266/build_contexts/build_ctx_720103732/libs/mjs/include:/fwbuild-volumes/1.22/apps/Garage/esp8266/build_contexts/build_ctx_720103732/libs/mjs/include -v /fwbuild-volumes/1.22/apps/Garage/esp8266/build_contexts/build_ctx_720103732/libs/rpc-service-config/include:/fwbuild-volumes/1.22/apps/Garage/esp8266/build_contexts/build_ctx_720103732/libs/rpc-service-config/include -v /fwbuild-volumes/1.22/apps/Garage/esp8266/build_contexts/build_ctx_720103732/libs/rpc-service-i2c/include:/fwbuild-volumes/1.22/apps/Garage/esp8266/build_contexts/build_ctx_720103732/libs/rpc-service-i2c/include -v /fwbuild-volumes/1.22/apps/Garage/esp8266/build_contexts/build_ctx_720103732/libs/mjs/esp8266/fs:/fwbuild-volumes/1.22/apps/Garage/esp8266/build_contexts/build_ctx_720103732/libs/mjs/esp8266/fs -v /fwbuild-volumes/1.22/apps/Garage/esp8266/build_contexts/build_ctx_720103732/build:/fwbuild-volumes/1.22/apps/Garage/esp8266/build_contexts/build_ctx_720103732/build -v /fwbuild-volumes/1.22/apps/Garage/esp8266/build_contexts/build_ctx_720103732/libs/mjs/esp8266/src:/fwbuild-volumes/1.22/apps/Garage/esp8266/build_contexts/build_ctx_720103732/libs/mjs/esp8266/src -v /fwbuild-volumes/1.22/apps/Garage/esp8266/build_contexts/build_ctx_720103732/libs/wifi/esp8266/src:/fwbuild-volumes/1.22/apps/Garage/esp8266/build_contexts/build_ctx_720103732/libs/wifi/esp8266/src -v /fwbuild-volumes/1.22/apps/Garage/esp8266/build_contexts/build_ctx_720103732/libs/arduino-wire/include:/fwbuild-volumes/1.22/apps/Garage/esp8266/build_contexts/build_ctx_720103732/libs/arduino-wire/include -v /fwbuild-volumes/1.22/apps/Garage/esp8266/build_contexts/build_ctx_720103732/libs/mqtt/include:/fwbuild-volumes/1.22/apps/Garage/esp8266/build_contexts/build_ctx_720103732/libs/mqtt/include -v /fwbuild-volumes/1.22/apps/Garage/esp8266/build_contexts/build_ctx_720103732/libs/rpc-loopback/include:/fwbuild-volumes/1.22/apps/Garage/esp8266/build_contexts/build_ctx_720103732/libs/rpc-loopback/include -v /fwbuild-volumes/1.22/apps/Garage/esp8266/build_contexts/build_ctx_720103732/libs/dht/src:/fwbuild-volumes/1.22/apps/Garage/esp8266/build_contexts/build_ctx_720103732/libs/dht/src -v /fwbuild-volumes/1.22/apps/Garage/esp8266/build_contexts/build_ctx_720103732/libs/wifi/src:/fwbuild-volumes/1.22/apps/Garage/esp8266/build_contexts/build_ctx_720103732/libs/wifi/src -v /fwbuild-volumes/1.22/apps/Garage/esp8266/build_contexts/build_ctx_720103732/libs/arduino-LiquidCrystal_I2C/include:/fwbuild-volumes/1.22/apps/Garage/esp8266/build_contexts/build_ctx_720103732/libs/arduino-LiquidCrystal_I2C/include -v /fwbuild-volumes/1.22/apps/Garage/esp8266/build_contexts/build_ctx_720103732/libs/ota-http-client/include:/fwbuild-volumes/1.22/apps/Garage/esp8266/build_contexts/build_ctx_720103732/libs/ota-http-client/include -v /fwbuild-volumes/1.22/apps/Garage/esp8266/build_contexts/build_ctx_720103732/libs/rpc-service-fs/include:/fwbuild-volumes/1.22/apps/Garage/esp8266/build_contexts/build_ctx_720103732/libs/rpc-service-fs/include -v /fwbuild-volumes/1.22/apps/Garage/esp8266/build_contexts/build_ctx_720103732/src:/fwbuild-volumes/1.22/apps/Garage/esp8266/build_contexts/build_ctx_720103732/src -v /fwbuild-volumes/1.22/apps/Garage/esp8266/build_contexts/build_ctx_720103732/libs/rpc-service-config/src:/fwbuild-volumes/1.22/apps/Garage/esp8266/build_contexts/build_ctx_720103732/libs/rpc-service-config/src -v /fwbuild-volumes/1.22/apps/Garage/esp8266/build_contexts/build_ctx_720103732/libs/rpc-common/include:/fwbuild-volumes/1.22/apps/Garage/esp8266/build_contexts/build_ctx_720103732/libs/rpc-common/include -v /fwbuild-volumes/1.22/apps/Garage/esp8266/build_contexts/build_ctx_720103732/libs/rpc-uart/include:/fwbuild-volumes/1.22/apps/Garage/esp8266/build_contexts/build_ctx_720103732/libs/rpc-uart/include -v /fwbuild-volumes/1.22/apps/Garage/esp8266/build_contexts/build_ctx_720103732/libs/rpc-common/mjs_fs:/fwbuild-volumes/1.22/apps/Garage/esp8266/build_contexts/build_ctx_720103732/libs/rpc-common/mjs_fs -v /fwbuild-volumes/1.22/apps/Garage/esp8266/build_contexts/build_ctx_720103732/libs/mqtt/mjs_fs:/fwbuild-volumes/1.22/apps/Garage/esp8266/build_contexts/build_ctx_720103732/libs/mqtt/mjs_fs -v /fwbuild-volumes/1.22/apps/Garage/esp8266/build_contexts/build_ctx_720103732/libs/rpc-mqtt/src:/fwbuild-volumes/1.22/apps/Garage/esp8266/build_contexts/build_ctx_720103732/libs/rpc-mqtt/src -v /fwbuild-volumes/1.22/apps/Garage/esp8266/build_contexts/build_ctx_720103732/libs/rpc-common/src/mg_rpc:/fwbuild-volumes/1.22/apps/Garage/esp8266/build_contexts/build_ctx_720103732/libs/rpc-common/src/mg_rpc -v /fwbuild-volumes/1.22/apps/Garage/esp8266/build_contexts/build_ctx_720103732/libs/dash/src:/fwbuild-volumes/1.22/apps/Garage/esp8266/build_contexts/build_ctx_720103732/libs/dash/src -v /fwbuild-volumes/1.22/apps/Garage/esp8266/build_contexts/build_ctx_720103732/libs/mqtt/src:/fwbuild-volumes/1.22/apps/Garage/esp8266/build_contexts/build_ctx_720103732/libs/mqtt/src -v /fwbuild-volumes/1.22/apps/Garage/esp8266/build_contexts/build_ctx_720103732/libs/rpc-service-fs/src:/fwbuild-volumes/1.22/apps/Garage/esp8266/build_contexts/build_ctx_720103732/libs/rpc-service-fs/src -v /fwbuild-volumes/1.22/apps/Garage/esp8266/build_contexts/build_ctx_720103732/libs/arduino-compat/include:/fwbuild-volumes/1.22/apps/Garage/esp8266/build_contexts/build_ctx_720103732/libs/arduino-compat/include -v /fwbuild-volumes/1.22/apps/Garage/esp8266/build_contexts/build_ctx_720103732/libs/dht/include:/fwbuild-volumes/1.22/apps/Garage/esp8266/build_contexts/build_ctx_720103732/libs/dht/include -v /fwbuild-volumes/1.22/apps/Garage/esp8266/build_contexts/build_ctx_720103732/libs/mjs/fs:/fwbuild-volumes/1.22/apps/Garage/esp8266/build_contexts/build_ctx_720103732/libs/mjs/fs -v /fwbuild-volumes/1.22/apps/Garage/esp8266/build_contexts/build_ctx_720103732/libs/arduino-LiquidCrystal_I2C/src:/fwbuild-volumes/1.22/apps/Garage/esp8266/build_contexts/build_ctx_720103732/libs/arduino-LiquidCrystal_I2C/src -v /fwbuild-volumes/1.22/apps/Garage/esp8266/build_contexts/build_ctx_720103732/fs:/fwbuild-volumes/1.22/apps/Garage/esp8266/build_contexts/build_ctx_720103732/fs -v /fwbuild-volumes/1.22/apps/Garage/esp8266/build_contexts/build_ctx_720103732/libs/ota-http-server/lib/esp8266:/fwbuild-volumes/1.22/apps/Garage/esp8266/build_contexts/build_ctx_720103732/libs/ota-http-server/lib/esp8266 -v /fwbuild-volumes/1.22/apps/Garage/esp8266/build_contexts/build_ctx_720103732/libs/i2c/mjs_fs:/fwbuild-volumes/1.22/apps/Garage/esp8266/build_contexts/build_ctx_720103732/libs/i2c/mjs_fs -v /fwbuild-volumes/1.22/apps/Garage/esp8266/build_contexts/build_ctx_720103732/libs/arduino-compat/src:/fwbuild-volumes/1.22/apps/Garage/esp8266/build_contexts/build_ctx_720103732/libs/arduino-compat/src -v /fwbuild-volumes/1.22/apps/Garage/esp8266/build_contexts/build_ctx_720103732/libs/rpc-service-gpio/src:/fwbuild-volumes/1.22/apps/Garage/esp8266/build_contexts/build_ctx_720103732/libs/rpc-service-gpio/src -v /fwbuild-volumes/1.22/apps/Garage/esp8266/build_contexts/build_ctx_720103732/modules/mjs-1.22/mjs/lib:/fwbuild-volumes/1.22/apps/Garage/esp8266/build_contexts/build_ctx_720103732/modules/mjs-1.22/mjs/lib -v /fwbuild-volumes/1.22/apps/Garage/esp8266/build_contexts/build_ctx_720103732/libs/wifi/mjs_fs:/fwbuild-volumes/1.22/apps/Garage/esp8266/build_contexts/build_ctx_720103732/libs/wifi/mjs_fs -v /fwbuild-volumes/1.22/apps/Garage/esp8266/build_contexts/build_ctx_720103732/build/gen:/fwbuild-volumes/1.22/apps/Garage/esp8266/build_contexts/build_ctx_720103732/build/gen -v /fwbuild-volumes/1.22/apps/Garage/esp8266/build_contexts/build_ctx_720103732/libs/http-server/include:/fwbuild-volumes/1.22/apps/Garage/esp8266/build_contexts/build_ctx_720103732/libs/http-server/include -v /fwbuild-volumes/1.22/apps/Garage/esp8266/build_contexts/build_ctx_720103732/libs/dht/mjs_fs:/fwbuild-volumes/1.22/apps/Garage/esp8266/build_contexts/build_ctx_720103732/libs/dht/mjs_fs -v /fwbuild-volumes/1.22/apps/Garage/esp8266/build_contexts/build_ctx_720103732/libs/rpc-service-ota/lib/esp8266:/fwbuild-volumes/1.22/apps/Garage/esp8266/build_contexts/build_ctx_720103732/libs/rpc-service-ota/lib/esp8266 -v /fwbuild-volumes/1.22/apps/Garage/esp8266/build_contexts/build_ctx_720103732/libs/rpc-loopback/src:/fwbuild-volumes/1.22/apps/Garage/esp8266/build_contexts/build_ctx_720103732/libs/rpc-loopback/src -v /fwbuild-volumes/1.22/apps/Garage/esp8266/build_contexts/build_ctx_720103732/libs/i2c/include:/fwbuild-volumes/1.22/apps/Garage/esp8266/build_contexts/build_ctx_720103732/libs/i2c/include -v /fwbuild-volumes/1.22/apps/Garage/esp8266/build_contexts/build_ctx_720103732/libs/rpc-service-gpio/include:/fwbuild-volumes/1.22/apps/Garage/esp8266/build_contexts/build_ctx_720103732/libs/rpc-service-gpio/include -v /fwbuild-volumes/1.22/apps/Garage/esp8266/build_contexts/build_ctx_720103732/libs/ca-bundle/fs:/fwbuild-volumes/1.22/apps/Garage/esp8266/build_contexts/build_ctx_720103732/libs/ca-bundle/fs -v /fwbuild-volumes/1.22/apps/Garage/esp8266/build_contexts/build_ctx_720103732/libs/dash/mjs_fs:/fwbuild-volumes/1.22/apps/Garage/esp8266/build_contexts/build_ctx_720103732/libs/dash/mjs_fs -v /fwbuild-volumes/1.22/apps/Garage/esp8266/build_contexts/build_ctx_720103732/libs/rpc-service-wifi/src:/fwbuild-volumes/1.22/apps/Garage/esp8266/build_contexts/build_ctx_720103732/libs/rpc-service-wifi/src -v /fwbuild-volumes/1.22/apps/Garage/esp8266/build_contexts/build_ctx_720103732/libs/ca-bundle/src:/fwbuild-volumes/1.22/apps/Garage/esp8266/build_contexts/build_ctx_720103732/libs/ca-bundle/src -v /fwbuild-volumes/1.22/apps/Garage/esp8266/build_contexts/build_ctx_720103732/libs/wifi/include:/fwbuild-volumes/1.22/apps/Garage/esp8266/build_contexts/build_ctx_720103732/libs/wifi/include -v /fwbuild-volumes/1.22/apps/Garage/esp8266/build_contexts/build_ctx_720103732/modules/mongoose-os-1.22:/mongoose-os -v /fwbuild-volumes/1.22/apps/Garage/esp8266/build_contexts/build_ctx_720103732/libs/http-server/src:/fwbuild-volumes/1.22/apps/Garage/esp8266/build_contexts/build_ctx_720103732/libs/http-server/src -v /fwbuild-volumes/1.22/apps/Garage/esp8266/build_contexts/build_ctx_720103732/libs/rpc-service-i2c/src:/fwbuild-volumes/1.22/apps/Garage/esp8266/build_contexts/build_ctx_720103732/libs/rpc-service-i2c/src -v /fwbuild-volumes/1.22/apps/Garage/esp8266/build_contexts/build_ctx_720103732/libs/rpc-uart/src:/fwbuild-volumes/1.22/apps/Garage/esp8266/build_contexts/build_ctx_720103732/libs/rpc-uart/src -v /fwbuild-volumes/1.22/apps/Garage/esp8266/build_contexts/build_ctx_720103732/libs/i2c/src:/fwbuild-volumes/1.22/apps/Garage/esp8266/build_contexts/build_ctx_720103732/libs/i2c/src -v /fwbuild-volumes/1.22/apps/Garage/esp8266/build_contexts/build_ctx_720103732/libs/ota-http-server/include:/fwbuild-volumes/1.22/apps/Garage/esp8266/build_contexts/build_ctx_720103732/libs/ota-http-server/include -v /fwbuild-volumes/1.22/apps/Garage/esp8266/build_contexts/build_ctx_720103732/modules/mjs-1.22:/fwbuild-volumes/1.22/apps/Garage/esp8266/build_contexts/build_ctx_720103732/modules/mjs-1.22 -v /fwbuild-volumes/1.22/apps/Garage/esp8266/build_contexts/build_ctx_720103732/libs/rpc-mqtt/include:/fwbuild-volumes/1.22/apps/Garage/esp8266/build_contexts/build_ctx_720103732/libs/rpc-mqtt/include -v /fwbuild-volumes/1.22/apps/Garage/esp8266/build_contexts/build_ctx_720103732/libs/rpc-service-ota/include:/fwbuild-volumes/1.22/apps/Garage/esp8266/build_contexts/build_ctx_720103732/libs/rpc-service-ota/include -v /fwbuild-volumes/1.22/apps/Garage/esp8266/build_contexts/build_ctx_720103732/libs/arduino-LiquidCrystal_I2C/mjs_fs:/fwbuild-volumes/1.22/apps/Garage/esp8266/build_contexts/build_ctx_720103732/libs/arduino-LiquidCrystal_I2C/mjs_fs -v /fwbuild-volumes/1.22/apps/Garage/esp8266/build_contexts/build_ctx_720103732/modules/mongoose-os-1.22:/fwbuild-volumes/1.22/apps/Garage/esp8266/build_contexts/build_ctx_720103732/modules/mongoose-os-1.22 -v /fwbuild-volumes/1.22/apps/Garage/esp8266/build_contexts/build_ctx_720103732/libs/mjs/src:/fwbuild-volumes/1.22/apps/Garage/esp8266/build_contexts/build_ctx_720103732/libs/mjs/src -v /fwbuild-volumes/1.22/apps/Garage/esp8266/build_contexts/build_ctx_720103732/libs/i2c/src/common_gpio:/fwbuild-volumes/1.22/apps/Garage/esp8266/build_contexts/build_ctx_720103732/libs/i2c/src/common_gpio --user 0:0 docker.cesanta.com/esp8266-build:2.1.0-1.5.0-r8 /bin/bash -c nice make '-j' '32' '-C' '/app' '-f' '/mongoose-os/fw/platforms/esp8266/Makefile.build' 'all' 'MGOS_WIFI_ENABLE_AP_STA=1' 'MGOS_HAVE_I2C=1' 'MGOS_HAVE_OTA_HTTP_SERVER=1' 'MGOS_HAVE_RPC_SERVICE_FS=1' 'MGOS_HAVE_DHT=1' 'APP_CONF_SCHEMA=/fwbuild-volumes/1.22/apps/Garage/esp8266/build_contexts/build_ctx_720103732/build/gen/mos_conf_schema.yml' 'MGOS_ENABLE_I2C_GPIO=1' 'MGOS_ENABLE_UPDATER=1' 'APP=Garage' 'MGOS_PATH=/mongoose-os' 'MGOS_HAVE_RPC_SERVICE_OTA=1' 'FS_STAGING_DIR=build/fs' 'MANIFEST_FINAL=/fwbuild-volumes/1.22/apps/Garage/esp8266/build_contexts/build_ctx_720103732/build/gen/mos_final.yml' 'APP_BIN_LIBS=/fwbuild-volumes/1.22/apps/Garage/esp8266/build_contexts/build_ctx_720103732/libs/ota-http-client/lib/esp8266/libota-http-client.a /fwbuild-volumes/1.22/apps/Garage/esp8266/build_contexts/build_ctx_720103732/libs/ota-http-server/lib/esp8266/libota-http-server.a /fwbuild-volumes/1.22/apps/Garage/esp8266/build_contexts/build_ctx_720103732/libs/rpc-service-ota/lib/esp8266/librpc-service-ota.a' 'MGOS_HAVE_ARDUINO_COMPAT=1' 'MGOS_HAVE_RPC_LOOPBACK=1' 'MGOS_HAVE_HTTP_SERVER=1' 'MGOS_HAVE_CA_BUNDLE=1' 'MGOS_HAVE_OTA_HTTP_CLIENT=1' 'FFI_SYMBOLS=' 'MGOS_HAVE_ARDUINO_LIQUIDCRYSTAL_I2C=1' 'APP_CFLAGS=-DMG_ENABLE_MQTT=1 -DMGOS_HAVE_ARDUINO_WIRE=1 -DMGOS_HAVE_HTTP_SERVER=1 -DMG_ENABLE_DNS_SERVER=1 -DESP8266=1 -DMGOS_ENABLE_RPC_CHANNEL_WS=1 -DMGOS_HAVE_DASH=1 -DMGOS_HAVE_OTA_HTTP_SERVER=1 -DMGOS_HAVE_RPC_SERVICE_I2C=1 -DMGOS_HAVE_OTA_HTTP_CLIENT=1 -DMGOS_HAVE_DHT=1 -DMGOS_HAVE_CA_BUNDLE=1 -DMGOS_HAVE_RPC_UART=1 -DMGOS_HAVE_I2C=1 -DMGOS_WIFI_ENABLE_AP_STA=1 -DMGOS_ENABLE_RPC_CHANNEL_HTTP=1 -DF_CPU=160000000 -DMGOS_HAVE_RPC_SERVICE_FS=1 -DMGOS_HAVE_RPC_COMMON=1 -DMGOS_HAVE_RPC_SERVICE_OTA=1 -DMGOS_HAVE_RPC_MQTT=1 -DMGOS_ENABLE_FILE_UPLOAD=1 -DMGOS_ENABLE_SYS_SERVICE=1 -DMGOS_HAVE_ARDUINO_COMPAT=1 -DMGOS_HAVE_RPC_LOOPBACK=1 -DMGOS_HAVE_RPC_SERVICE_CONFIG=1 -DMGOS_HAVE_ARDUINO_LIQUIDCRYSTAL_I2C=1 -DARDUINO=150 -DMGOS_HAVE_WIFI=1 -DMGOS_HAVE_MJS=1 -DMGOS_HAVE_RPC_SERVICE_GPIO=1 -DMGOS_ENABLE_TUNNEL=0 -DMGOS_ENABLE_WEB_CONFIG=0 -DMGOS_HAVE_MQTT=1 -DMGOS_HAVE_RPC_SERVICE_WIFI=1' 'APP_FS_FILES=/fwbuild-volumes/1.22/apps/Garage/esp8266/build_contexts/build_ctx_720103732/libs/ca-bundle/fs/ca.pem /fwbuild-volumes/1.22/apps/Garage/esp8266/build_contexts/build_ctx_720103732/libs/mjs/fs/api_bitbang.js /fwbuild-volumes/1.22/apps/Garage/esp8266/build_contexts/build_ctx_720103732/libs/mjs/fs/api_config.js /fwbuild-volumes/1.22/apps/Garage/esp8266/build_contexts/build_ctx_720103732/libs/mjs/fs/api_gpio.js /fwbuild-volumes/1.22/apps/Garage/esp8266/build_contexts/build_ctx_720103732/libs/mjs/fs/api_grove.js /fwbuild-volumes/1.22/apps/Garage/esp8266/build_contexts/build_ctx_720103732/libs/mjs/fs/api_http.js /fwbuild-volumes/1.22/apps/Garage/esp8266/build_contexts/build_ctx_720103732/libs/mjs/fs/api_log.js /fwbuild-volumes/1.22/apps/Garage/esp8266/build_contexts/build_ctx_720103732/libs/mjs/fs/api_neopixel.js /fwbuild-volumes/1.22/apps/Garage/esp8266/build_contexts/build_ctx_720103732/libs/mjs/fs/api_net.js /fwbuild-volumes/1.22/apps/Garage/esp8266/build_contexts/build_ctx_720103732/libs/mjs/fs/api_sys.js /fwbuild-volumes/1.22/apps/Garage/esp8266/build_contexts/build_ctx_720103732/libs/mjs/fs/api_timer.js /fwbuild-volumes/1.22/apps/Garage/esp8266/build_contexts/build_ctx_720103732/libs/mjs/fs/api_uart.js /fwbuild-volumes/1.22/apps/Garage/esp8266/build_contexts/build_ctx_720103732/libs/mjs/fs/init.js /fwbuild-volumes/1.22/apps/Garage/esp8266/build_contexts/build_ctx_720103732/modules/mjs-1.22/mjs/lib/api_dataview.js /fwbuild-volumes/1.22/apps/Garage/esp8266/build_contexts/build_ctx_720103732/modules/mjs-1.22/mjs/lib/api_file.js /fwbuild-volumes/1.22/apps/Garage/esp8266/build_contexts/build_ctx_720103732/modules/mjs-1.22/mjs/lib/api_math.js /fwbuild-volumes/1.22/apps/Garage/esp8266/build_contexts/build_ctx_720103732/libs/i2c/mjs_fs/api_i2c.js /fwbuild-volumes/1.22/apps/Garage/esp8266/build_contexts/build_ctx_720103732/libs/arduino-LiquidCrystal_I2C/mjs_fs/api_arduino_liquidcrystal_i2c.js /fwbuild-volumes/1.22/apps/Garage/esp8266/build_contexts/build_ctx_720103732/libs/wifi/mjs_fs/api_wifi.js /fwbuild-volumes/1.22/apps/Garage/esp8266/build_contexts/build_ctx_720103732/libs/rpc-common/mjs_fs/api_rpc.js /fwbuild-volumes/1.22/apps/Garage/esp8266/build_contexts/build_ctx_720103732/libs/dash/mjs_fs/api_dash.js /fwbuild-volumes/1.22/apps/Garage/esp8266/build_contexts/build_ctx_720103732/libs/dht/mjs_fs/api_dht.js /fwbuild-volumes/1.22/apps/Garage/esp8266/build_contexts/build_ctx_720103732/libs/mqtt/mjs_fs/api_mqtt.js /fwbuild-volumes/1.22/apps/Garage/esp8266/build_contexts/build_ctx_720103732/libs/mjs/esp8266/fs/api_arch_uart.js /fwbuild-volumes/1.22/apps/Garage/esp8266/build_contexts/build_ctx_720103732/libs/mjs/esp8266/fs/api_esp8266.js /fwbuild-volumes/1.22/apps/Garage/esp8266/build_contexts/build_ctx_720103732/fs/buttons.js /fwbuild-volumes/1.22/apps/Garage/esp8266/build_contexts/build_ctx_720103732/fs/connect_http_ap.js /fwbuild-volumes/1.22/apps/Garage/esp8266/build_contexts/build_ctx_720103732/fs/init.js /fwbuild-volumes/1.22/apps/Garage/esp8266/build_contexts/build_ctx_720103732/fs/oled.js /fwbuild-volumes/1.22/apps/Garage/esp8266/build_contexts/build_ctx_720103732/fs/tz_actions.js /fwbuild-volumes/1.22/apps/Garage/esp8266/build_contexts/build_ctx_720103732/fs/tz_global_state.js /fwbuild-volumes/1.22/apps/Garage/esp8266/build_contexts/build_ctx_720103732/fs/tz_logging.js /fwbuild-volumes/1.22/apps/Garage/esp8266/build_contexts/build_ctx_720103732/fs/tz_module_dht_sensor.js /fwbuild-volumes/1.22/apps/Garage/esp8266/build_contexts/build_ctx_720103732/fs/tz_module_heater.js /fwbuild-volumes/1.22/apps/Garage/esp8266/build_contexts/build_ctx_720103732/fs/tz_rpc.js' 'MGOS_HAVE_RPC_SERVICE_GPIO=1' 'MGOS_HAVE_RPC_UART=1' 'MGOS_HAVE_RPC_SERVICE_CONFIG=1' 'MGOS_HAVE_WIFI=1' 'MGOS_HAVE_MJS=1' 'GEN_DIR=/fwbuild-volumes/1.22/apps/Garage/esp8266/build_contexts/build_ctx_720103732/build/gen' 'BUILD_DIR=/fwbuild-volumes/1.22/apps/Garage/esp8266/build_contexts/build_ctx_720103732/build/objs' 'MGOS_HAVE_RPC_COMMON=1' 'MGOS_HAVE_RPC_SERVICE_WIFI=1' 'MGOS_HAVE_RPC_SERVICE_I2C=1' 'MGOS_HAVE_DASH=1' 'MGOS_HAVE_MQTT=1' 'PLATFORM=esp8266' 'APP_SOURCES=/fwbuild-volumes/1.22/apps/Garage/esp8266/build_contexts/build_ctx_720103732/src/main.c /fwbuild-volumes/1.22/apps/Garage/esp8266/build_contexts/build_ctx_720103732/build/gen/deps_init.c /fwbuild-volumes/1.22/apps/Garage/esp8266/build_contexts/build_ctx_720103732/libs/arduino-compat/src/Print.cpp /fwbuild-volumes/1.22/apps/Garage/esp8266/build_contexts/build_ctx_720103732/libs/arduino-compat/src/WString.cpp /fwbuild-volumes/1.22/apps/Garage/esp8266/build_contexts/build_ctx_720103732/libs/arduino-compat/src/mgos_arduino.cpp /fwbuild-volumes/1.22/apps/Garage/esp8266/build_contexts/build_ctx_720103732/libs/i2c/src/mgos_i2c.c /fwbuild-volumes/1.22/apps/Garage/esp8266/build_contexts/build_ctx_720103732/libs/i2c/src/common_gpio/mgos_i2c_gpio.c /fwbuild-volumes/1.22/apps/Garage/esp8266/build_contexts/build_ctx_720103732/libs/arduino-wire/src/mgos_arduino_wire_c.c /fwbuild-volumes/1.22/apps/Garage/esp8266/build_contexts/build_ctx_720103732/libs/arduino-wire/src/mgos_arduino_wire.cpp /fwbuild-volumes/1.22/apps/Garage/esp8266/build_contexts/build_ctx_720103732/libs/arduino-LiquidCrystal_I2C/src/mgos_arduino_liquidcrystal_i2c_c.c /fwbuild-volumes/1.22/apps/Garage/esp8266/build_contexts/build_ctx_720103732/libs/arduino-LiquidCrystal_I2C/src/LiquidCrystal_I2C.cpp /fwbuild-volumes/1.22/apps/Garage/esp8266/build_contexts/build_ctx_720103732/libs/arduino-LiquidCrystal_I2C/src/mgos_arduino_liquidcrystal_i2c.cpp /fwbuild-volumes/1.22/apps/Garage/esp8266/build_contexts/build_ctx_720103732/libs/ca-bundle/src/mgos_ca_bundle.c /fwbuild-volumes/1.22/apps/Garage/esp8266/build_contexts/build_ctx_720103732/libs/wifi/src/mgos_wifi.c /fwbuild-volumes/1.22/apps/Garage/esp8266/build_contexts/build_ctx_720103732/libs/wifi/src/mjs_wifi.c /fwbuild-volumes/1.22/apps/Garage/esp8266/build_contexts/build_ctx_720103732/libs/wifi/esp8266/src/esp_wifi.c /fwbuild-volumes/1.22/apps/Garage/esp8266/build_contexts/build_ctx_720103732/libs/http-server/src/mgos_http_server.c /fwbuild-volumes/1.22/apps/Garage/esp8266/build_contexts/build_ctx_720103732/libs/rpc-common/src/mg_rpc/mg_rpc.c /fwbuild-volumes/1.22/apps/Garage/esp8266/build_contexts/build_ctx_720103732/libs/rpc-common/src/mg_rpc/mg_rpc_channel.c /fwbuild-volumes/1.22/apps/Garage/esp8266/build_contexts/build_ctx_720103732/libs/rpc-common/src/mg_rpc/mg_rpc_channel_http.c /fwbuild-volumes/1.22/apps/Garage/esp8266/build_contexts/build_ctx_720103732/libs/rpc-common/src/mg_rpc/mg_rpc_channel_ws.c /fwbuild-volumes/1.22/apps/Garage/esp8266/build_contexts/build_ctx_720103732/libs/rpc-common/src/mgos_rpc.c /fwbuild-volumes/1.22/apps/Garage/esp8266/build_contexts/build_ctx_720103732/libs/dash/src/mgos_dash.c /fwbuild-volumes/1.22/apps/Garage/esp8266/build_contexts/build_ctx_720103732/libs/dht/src/mgos_dht.c /fwbuild-volumes/1.22/apps/Garage/esp8266/build_contexts/build_ctx_720103732/libs/mjs/src/mos_mjs.c /fwbuild-volumes/1.22/apps/Garage/esp8266/build_contexts/build_ctx_720103732/modules/mjs-1.22/mjs.c /fwbuild-volumes/1.22/apps/Garage/esp8266/build_contexts/build_ctx_720103732/libs/mjs/esp8266/src/esp8266_mjs.c /fwbuild-volumes/1.22/apps/Garage/esp8266/build_contexts/build_ctx_720103732/libs/mqtt/src/mgos_mqtt.c /fwbuild-volumes/1.22/apps/Garage/esp8266/build_contexts/build_ctx_720103732/libs/rpc-loopback/src/mg_rpc_channel_loopback.c /fwbuild-volumes/1.22/apps/Garage/esp8266/build_contexts/build_ctx_720103732/libs/rpc-mqtt/src/mgos_rpc_channel_mqtt.c /fwbuild-volumes/1.22/apps/Garage/esp8266/build_contexts/build_ctx_720103732/libs/rpc-service-config/src/mgos_service_config.c /fwbuild-volumes/1.22/apps/Garage/esp8266/build_contexts/build_ctx_720103732/libs/rpc-service-fs/src/mgos_service_filesystem.c /fwbuild-volumes/1.22/apps/Garage/esp8266/build_contexts/build_ctx_720103732/libs/rpc-service-gpio/src/mgos_gpio_service.c /fwbuild-volumes/1.22/apps/Garage/esp8266/build_contexts/build_ctx_720103732/libs/rpc-service-i2c/src/mgos_i2c_service.c /fwbuild-volumes/1.22/apps/Garage/esp8266/build_contexts/build_ctx_720103732/libs/rpc-service-wifi/src/mgos_rpc_service_wifi.c /fwbuild-volumes/1.22/apps/Garage/esp8266/build_contexts/build_ctx_720103732/libs/rpc-uart/src/mgos_rpc_channel_uart.c' 'MGOS_HAVE_ARDUINO_WIRE=1' 'MGOS_HAVE_RPC_MQTT=1' 'FW_DIR=build/fw' 'APP_VERSION=1.0' 'APP_INCLUDES=/fwbuild-volumes/1.22/apps/Garage/esp8266/build_contexts/build_ctx_720103732/libs/arduino-compat/include /fwbuild-volumes/1.22/apps/Garage/esp8266/build_contexts/build_ctx_720103732/libs/i2c/include /fwbuild-volumes/1.22/apps/Garage/esp8266/build_contexts/build_ctx_720103732/libs/arduino-wire/include /fwbuild-volumes/1.22/apps/Garage/esp8266/build_contexts/build_ctx_720103732/libs/arduino-LiquidCrystal_I2C/include /fwbuild-volumes/1.22/apps/Garage/esp8266/build_contexts/build_ctx_720103732/libs/ota-http-client/include /fwbuild-volumes/1.22/apps/Garage/esp8266/build_contexts/build_ctx_720103732/libs/wifi/include /fwbuild-volumes/1.22/apps/Garage/esp8266/build_contexts/build_ctx_720103732/libs/http-server/include /fwbuild-volumes/1.22/apps/Garage/esp8266/build_contexts/build_ctx_720103732/libs/rpc-common/include/mg_rpc /fwbuild-volumes/1.22/apps/Garage/esp8266/build_contexts/build_ctx_720103732/libs/rpc-common/include /fwbuild-volumes/1.22/apps/Garage/esp8266/build_contexts/build_ctx_720103732/libs/dash/include /fwbuild-volumes/1.22/apps/Garage/esp8266/build_contexts/build_ctx_720103732/libs/dht/include /fwbuild-volumes/1.22/apps/Garage/esp8266/build_contexts/build_ctx_720103732/libs/mjs/include /fwbuild-volumes/1.22/apps/Garage/esp8266/build_contexts/build_ctx_720103732/libs/mqtt/include /fwbuild-volumes/1.22/apps/Garage/esp8266/build_contexts/build_ctx_720103732/libs/ota-http-server/include /fwbuild-volumes/1.22/apps/Garage/esp8266/build_contexts/build_ctx_720103732/libs/rpc-loopback/include /fwbuild-volumes/1.22/apps/Garage/esp8266/build_contexts/build_ctx_720103732/libs/rpc-mqtt/include /fwbuild-volumes/1.22/apps/Garage/esp8266/build_contexts/build_ctx_720103732/libs/rpc-service-config/include /fwbuild-volumes/1.22/apps/Garage/esp8266/build_contexts/build_ctx_720103732/libs/rpc-service-fs/include /fwbuild-volumes/1.22/apps/Garage/esp8266/build_contexts/build_ctx_720103732/libs/rpc-service-gpio/include /fwbuild-volumes/1.22/apps/Garage/esp8266/build_contexts/build_ctx_720103732/libs/rpc-service-i2c/include /fwbuild-volumes/1.22/apps/Garage/esp8266/build_contexts/build_ctx_720103732/libs/rpc-service-ota/include /fwbuild-volumes/1.22/apps/Garage/esp8266/build_contexts/build_ctx_720103732/libs/rpc-uart/include' 'APP_CXXFLAGS=-Wno-unused-parameter -DMGOS_HAVE_DHT=1 -DMGOS_HAVE_CA_BUNDLE=1 -DMGOS_HAVE_RPC_UART=1 -DMGOS_HAVE_I2C=1 -DMGOS_WIFI_ENABLE_AP_STA=1 -DMGOS_ENABLE_RPC_CHANNEL_HTTP=1 -DF_CPU=160000000 -DMGOS_HAVE_RPC_SERVICE_FS=1 -DMGOS_HAVE_RPC_COMMON=1 -DMGOS_HAVE_RPC_SERVICE_OTA=1 -DMGOS_HAVE_RPC_MQTT=1 -DMGOS_ENABLE_FILE_UPLOAD=1 -DMGOS_ENABLE_SYS_SERVICE=1 -DMGOS_HAVE_ARDUINO_COMPAT=1 -DMGOS_HAVE_RPC_LOOPBACK=1 -DMGOS_HAVE_RPC_SERVICE_CONFIG=1 -DMGOS_HAVE_ARDUINO_LIQUIDCRYSTAL_I2C=1 -DARDUINO=150 -DMGOS_HAVE_WIFI=1 -DMGOS_HAVE_MJS=1 -DMGOS_HAVE_RPC_SERVICE_GPIO=1 -DMGOS_ENABLE_TUNNEL=0 -DMGOS_ENABLE_WEB_CONFIG=0 -DMGOS_HAVE_MQTT=1 -DMGOS_HAVE_RPC_SERVICE_WIFI=1 -DMG_ENABLE_MQTT=1 -DMGOS_HAVE_ARDUINO_WIRE=1 -DMGOS_HAVE_OTA_HTTP_CLIENT=1 -DMGOS_HAVE_HTTP_SERVER=1 -DMG_ENABLE_DNS_SERVER=1 -DESP8266=1 -DMGOS_ENABLE_RPC_CHANNEL_WS=1 -DMGOS_HAVE_DASH=1 -DMGOS_HAVE_OTA_HTTP_SERVER=1 -DMGOS_HAVE_RPC_SERVICE_I2C=1'
make: Entering directory '/app'
  CC    /fwbuild-volumes/1.22/apps/Garage/esp8266/build_contexts/build_ctx_720103732/src/main.c -> /fwbuild-volumes/1.22/apps/Garage/esp8266/build_contexts/build_ctx_720103732/build/objs/main.c.o
  GEN   /fwbuild-volumes/1.22/apps/Garage/esp8266/build_contexts/build_ctx_720103732/build/gen/build_info.c
  CC    /fwbuild-volumes/1.22/apps/Garage/esp8266/build_contexts/build_ctx_720103732/build/gen/build_info.c -> /fwbuild-volumes/1.22/apps/Garage/esp8266/build_contexts/build_ctx_720103732/build/objs/build_info.c.o
  LD    /fwbuild-volumes/1.22/apps/Garage/esp8266/build_contexts/build_ctx_720103732/build/objs/Garage.elf
  FW    /fwbuild-volumes/1.22/apps/Garage/esp8266/build_contexts/build_ctx_720103732/build/objs/Garage.elf -> /fwbuild-volumes/1.22/apps/Garage/esp8266/build_contexts/build_ctx_720103732/build/objs/Garage.bin
  Generating breakdown
  GEN    /fwbuild-volumes/1.22/apps/Garage/esp8266/build_contexts/build_ctx_720103732/build/objs/fw_temp/manifest.json
  ZIP    /app/build/fw/Garage-esp8266-last.zip
     Adding /fwbuild-volumes/1.22/apps/Garage/esp8266/build_contexts/build_ctx_720103732/build/objs/fw_temp/Garage.bin
     Adding /fwbuild-volumes/1.22/apps/Garage/esp8266/build_contexts/build_ctx_720103732/build/objs/fw_temp/esp_init_data_default_v08.bin
     Adding /fwbuild-volumes/1.22/apps/Garage/esp8266/build_contexts/build_ctx_720103732/build/objs/fw_temp/fs.bin
     Adding /fwbuild-volumes/1.22/apps/Garage/esp8266/build_contexts/build_ctx_720103732/build/objs/fw_temp/rboot.bin
  Built Garage/esp8266 version 1.0 (20171218-164101/???)
make: Leaving directory '/app'
Success, built Garage/esp8266 version 1.0 (20171218-164101/???).
Firmware saved to build/fw.zip
